<?xml version="1.0" encoding="UTF-8"?>
<!-- Generated by org.testng.reporters.JUnitReportReporter -->
<testsuite hostname="LAPTOP-5GLLNCH7" failures="0" tests="11" name="HeaderTest" time="0.000" errors="0" timestamp="2025-08-07T11:16:19 ICT" skipped="11">
  <testcase classname="HeaderTest" name="_702PrimeBtn_test" time="0.000">
    <skipped/>
  </testcase> <!-- _702PrimeBtn_test -->
  <testcase classname="HeaderTest" name="faqBtn_test" time="0.000">
    <skipped/>
  </testcase> <!-- faqBtn_test -->
  <testcase classname="HeaderTest" name="_702CareBtn_test" time="0.000">
    <skipped/>
  </testcase> <!-- _702CareBtn_test -->
  <testcase classname="HeaderTest" name="usedCarBtn_test" time="0.000">
    <skipped/>
  </testcase> <!-- usedCarBtn_test -->
  <testcase classname="HeaderTest" name="loginBtn_test" time="0.000">
    <skipped/>
  </testcase> <!-- loginBtn_test -->
  <testcase classname="HeaderTest" name="myPageBtn_test" time="0.000">
    <skipped/>
  </testcase> <!-- myPageBtn_test -->
  <testcase classname="HeaderTest" name="newCarBtn_test" time="0.000">
    <skipped/>
  </testcase> <!-- newCarBtn_test -->
  <testcase classname="HeaderTest" name="sellMyCarHomePageBtn_test" time="0.000">
    <skipped/>
  </testcase> <!-- sellMyCarHomePageBtn_test -->
  <testcase classname="HeaderTest" name="logout_test" time="0.000">
    <skipped/>
  </testcase> <!-- logout_test -->
  <testcase classname="HeaderTest" name="eventBtn_test" time="0.000">
    <skipped/>
  </testcase> <!-- eventBtn_test -->
  <testcase classname="HeaderTest" name="noticesBtn_test" time="0.000">
    <skipped/>
  </testcase> <!-- noticesBtn_test -->
</testsuite> <!-- HeaderTest -->
