<?xml version="1.0" encoding="UTF-8"?>
<!-- Generated by org.testng.reporters.JUnitReportReporter -->
<testsuite hostname="LAPTOP-5GLLNCH7" failures="0" tests="3" name="FooterTest" time="0.000" errors="0" timestamp="2025-08-07T11:16:19 ICT" skipped="3">
  <testcase classname="FooterTest" name="privacyPolicyBtn_Test" time="0.000">
    <skipped/>
  </testcase> <!-- privacyPolicyBtn_Test -->
  <testcase classname="FooterTest" name="landingPageBtn_Test" time="0.000">
    <skipped/>
  </testcase> <!-- landingPageBtn_Test -->
  <testcase classname="FooterTest" name="aboutUsBtn_Test" time="0.000">
    <skipped/>
  </testcase> <!-- aboutUsBtn_Test -->
</testsuite> <!-- FooterTest -->
