<?xml version="1.0" encoding="UTF-8"?>
<!-- Generated by org.testng.reporters.JUnitReportReporter -->
<testsuite hostname="LAPTOP-5GLLNCH7" failures="0" tests="3" name="CustomerManagementTest" time="0.000" errors="0" timestamp="2025-07-28T21:47:29 ICT" skipped="3">
  <testcase classname="CustomerManagementTest" name="modifyUserInfoTest" time="0.000">
    <skipped/>
  </testcase> <!-- modifyUserInfoTest -->
  <testcase classname="CustomerManagementTest" name="accessMenuTest" time="0.000">
    <skipped/>
  </testcase> <!-- accessMenuTest -->
  <testcase classname="CustomerManagementTest" name="tearDown" time="0.000">
    <skipped/>
  </testcase> <!-- tearDown -->
</testsuite> <!-- CustomerManagementTest -->
